[  0%] Built target geometry_msgs_generate_messages_lisp
[  0%] Built target std_msgs_generate_messages_py
[  0%] Built target _pose_graph_tools_generate_messages_check_deps_PoseGraphNode
[  0%] Built target roscpp_generate_messages_py
[  0%] Built target geometry_msgs_generate_messages_py
[  0%] Built target visualization_msgs_generate_messages_py
[  0%] Built target _pose_graph_tools_generate_messages_check_deps_PoseGraphEdge
[  0%] Built target _pose_graph_tools_generate_messages_check_deps_PoseGraph
[  0%] Built target visualization_msgs_generate_messages_eus
[  0%] Built target geometry_msgs_generate_messages_cpp
[  0%] Built target tf2_msgs_generate_messages_py
[  0%] Built target geometry_msgs_generate_messages_eus
[  0%] Built target std_msgs_generate_messages_nodejs
[  0%] Built target std_msgs_generate_messages_cpp
[  0%] Built target tf2_msgs_generate_messages_cpp
[  0%] Built target visualization_msgs_generate_messages_cpp
[  0%] Built target actionlib_msgs_generate_messages_cpp
[  0%] Built target rosgraph_msgs_generate_messages_nodejs
[  0%] Built target actionlib_generate_messages_cpp
[  0%] Built target geometry_msgs_generate_messages_nodejs
[  0%] Built target roscpp_generate_messages_nodejs
[  0%] Built target visualization_msgs_generate_messages_nodejs
[  0%] Built target rosgraph_msgs_generate_messages_lisp
[  0%] Built target actionlib_msgs_generate_messages_eus
[  0%] Built target roscpp_generate_messages_lisp
[  0%] Built target actionlib_generate_messages_lisp
[  0%] Built target roscpp_generate_messages_eus
[  0%] Built target std_msgs_generate_messages_eus
[  0%] Built target std_msgs_generate_messages_lisp
[  0%] Built target rosgraph_msgs_generate_messages_py
[  0%] Built target rosgraph_msgs_generate_messages_eus
[  0%] Built target tf2_msgs_generate_messages_eus
[  0%] Built target roscpp_generate_messages_cpp
[  0%] Built target visualization_msgs_generate_messages_lisp
[  0%] Built target actionlib_generate_messages_eus
[  0%] Built target rosgraph_msgs_generate_messages_cpp
[  0%] Built target actionlib_generate_messages_nodejs
[  0%] Built target actionlib_msgs_generate_messages_nodejs
[  0%] Built target actionlib_generate_messages_py
[  0%] Built target actionlib_msgs_generate_messages_lisp
[  0%] Built target tf2_msgs_generate_messages_nodejs
[  0%] Built target tf2_msgs_generate_messages_lisp
[  0%] Built target actionlib_msgs_generate_messages_py
[ 13%] Built target pose_graph_tools_generate_messages_lisp
[ 27%] Built target pose_graph_tools_generate_messages_cpp
[ 45%] Built target pose_graph_tools_generate_messages_py
[ 59%] Built target pose_graph_tools_generate_messages_nodejs
[ 77%] Built target pose_graph_tools_generate_messages_eus
[ 81%] [32mBuilding CXX object CMakeFiles/pose_graph_tools.dir/src/visualizer.cpp.o[0m
[ 81%] Built target pose_graph_tools_generate_messages
[ 86%] [32mBuilding CXX object CMakeFiles/visualizer_node.dir/src/visualizer_node.cpp.o[0m
[ 90%] [32mBuilding CXX object CMakeFiles/visualizer_node.dir/src/visualizer.cpp.o[0m
[ 95%] [32m[1mLinking CXX executable /home/catkin_ws/devel/lib/pose_graph_tools/visualizer_node[0m
[100%] [32m[1mLinking CXX shared library /home/catkin_ws/devel/lib/libpose_graph_tools.so[0m
[100%] Built target visualizer_node
[100%] Built target pose_graph_tools
