[  2%] Built target CppUnitLite
[ 18%] Built target metis-gtsam
[ 60%] Built target gtsam
[ 60%] Built target easyPoint2KalmanFilter
[ 63%] Built target VisualISAMExample
[ 63%] Built target UGM_chain
[ 63%] Built target TriangulationLOSTExample
[ 63%] Built target StereoVOExample_large
[ 63%] Built target StereoVOExample
[ 65%] Built target ShonanAveragingCLI
[ 65%] Built target SolverComparer
[ 65%] Built target SelfCalibrationExample
[ 65%] Built target SFMExample_bal
[ 65%] Built target SFMExample_SmartFactorPCG
[ 65%] Built target SFMExample
[ 65%] Built target RangeISAMExample_plaza2
[ 65%] Built target LocalizationExample
[ 65%] Built target SimpleRotation
[ 65%] Built target ISAM2Example_SmartFactor
[ 68%] Built target METISOrderingExample
[ 68%] Built target ImuFactorsExample2
[ 71%] Built target SFMExampleExpressions_bal
[ 71%] Built target Pose2SLAMStressTest
[ 71%] Built target SFMExample_SmartFactor
[ 71%] Built target UGM_small
[ 71%] Built target InverseKinematicsExampleExpressions
[ 71%] Built target CameraResectioning
[ 71%] Built target VisualISAM2Example
[ 71%] Built target SFMExampleExpressions
[ 71%] Built target IMUKittiExampleGPS
[ 71%] Built target CombinedImuFactorsExample
[ 71%] Built target ImuFactorsExample
[ 71%] Built target Pose2SLAMExample_graph
[ 71%] Built target DiscreteBayesNetExample
[ 71%] Built target FisheyeExample
[ 71%] Built target SFMExample_bal_COLAMD_METIS
[ 71%] Built target Pose2SLAMExample_graphviz
[ 71%] Built target CreateSFMExampleData
[ 73%] Built target Pose2SLAMwSPCG
[ 76%] Built target Pose3SLAMExample_initializePose3Chordal
[ 76%] Built target HMMExample
[ 76%] Built target PlanarSLAMExample
[ 78%] Built target TimeTBB
[ 78%] Built target Pose2SLAMExample
[ 78%] Built target Pose2SLAMExampleExpressions
[ 78%] Built target Pose2SLAMExample_lago
[ 78%] Built target Pose3SLAMExample_initializePose3Gradient
[ 78%] Built target DiscreteBayesNet_FG
[ 78%] Built target Pose3Localization
[ 78%] Built target Pose3SLAMExampleExpressions_BearingRangeWithTransform
[ 78%] Built target OdometryExample
[ 78%] Built target Pose3SLAMExample_changeKeys
[ 78%] Built target Pose3SLAMExample_g2o
[ 81%] Built target Pose2SLAMExample_g2o
[ 89%] Built target gtsam_unstable
[ 92%] Built target schedulingExample
[ 92%] Built target schedulingQuals12
[ 92%] Built target schedulingQuals13
[ 92%] Built target TimeOfArrivalExample
[ 92%] Built target ConcurrentCalibration
[ 92%] Built target ConcurrentFilteringAndSmoothingExample
[ 92%] Built target SmartRangeExample_plaza2
[ 92%] Built target GncPoseAveragingExample
[ 94%] Built target ISAM2_SmartFactorStereo_IMU
[ 97%] Built target SmartStereoProjectionFactorExample
[ 97%] Built target SmartProjectionFactorExample
[100%] Built target FixedLagSmootherExample
[100%] Built target SmartRangeExample_plaza1
