CMake Warning (dev) at CMakeLists.txt:1 (project):
  Policy CMP0048 is not set: project() command manages VERSION variables.
  Run "cmake --help-policy CMP0048" for policy details.  Use the cmake_policy
  command to set the policy and suppress this warning.

  The following variable(s) would be set to empty:

    CMAKE_PROJECT_VERSION
    CMAKE_PROJECT_VERSION_MAJOR
    CMAKE_PROJECT_VERSION_MINOR
    CMAKE_PROJECT_VERSION_PATCH
This warning is for project developers.  Use -Wno-dev to suppress it.

[36m--[0m GTSAM_POSE3_EXPMAP=ON, enabling GTSAM_ROT3_EXPMAP as well
[36m--[0m Found Eigen version: 3.3.7
[36m--[0m checking for thread-local storage - found
[36m--[0m Could NOT find MKL (missing: MKL_INCLUDE_DIR MKL_LIBRARIES)
[36m--[0m Building 3rdparty
[36m--[0m Could NOT find GeographicLib (missing: GeographicLib_LIBRARY_DIRS GeographicLib_LIBRARIES GeographicLib_INCLUDE_DIRS)
[36m--[0m Building base
[36m--[0m Building basis
[36m--[0m Building geometry
[36m--[0m Building inference
[36m--[0m Building symbolic
[36m--[0m Building discrete
[36m--[0m Building linear
[36m--[0m Building nonlinear
[36m--[0m Building sam
[36m--[0m Building sfm
[36m--[0m Building slam
[36m--[0m Building navigation
[36m--[0m GTSAM Version: 4.1.0
[36m--[0m Install prefix: /home/catkin_ws/devel
[36m--[0m Building GTSAM - shared: ON
[36m--[0m Building base_unstable
[36m--[0m Building geometry_unstable
[36m--[0m Building linear_unstable
[36m--[0m Building discrete_unstable
[36m--[0m Building dynamics_unstable
[36m--[0m Building nonlinear_unstable
[36m--[0m Building slam_unstable
[36m--[0m Building partition_unstable
[36m--[0m GTSAM_UNSTABLE Version: 4.1.0
[36m--[0m Install prefix: /home/catkin_ws/devel
[36m--[0m Wrote /home/catkin_ws/build/gtsam/GTSAMConfig.cmake
[36m--[0m Wrote /home/catkin_ws/build/gtsam/GTSAM_UNSTABLEConfig.cmake
[36m--[0m Could NOT find Doxygen (missing: DOXYGEN_EXECUTABLE)
[36m--[0m ===============================================================
[36m--[0m ================  Configuration Options  ======================
[36m--[0m  CMAKE_CXX_COMPILER_ID type                       : GNU
[36m--[0m  CMAKE_CXX_COMPILER_VERSION                       : 9.4.0
[36m--[0m  CMake version                                    : 3.16.3
[36m--[0m  CMake generator                                  : Unix Makefiles
[36m--[0m  CMake build tool                                 : /usr/bin/make
[36m--[0m Build flags
[36m--[0m  Build Tests                                      : Enabled
[36m--[0m  Build examples with 'make all'                   : Enabled
[36m--[0m  Build timing scripts with 'make all'             : Disabled
[36m--[0m  Build shared GTSAM libraries                     : Enabled
[36m--[0m  Put build type in library name                   : Enabled
[36m--[0m  Build libgtsam_unstable                          : Enabled
[36m--[0m  Build GTSAM unstable Python                      : Enabled
[36m--[0m  Build MATLAB Toolbox for unstable                : Disabled
[36m--[0m  Build for native architecture                    : Disabled
[36m--[0m  Build type                                       : Release
[36m--[0m  C compilation flags                              :  -O3 -DNDEBUG
[36m--[0m  C++ compilation flags                            :  -O3 -DNDEBUG
[36m--[0m  GTSAM_COMPILE_FEATURES_PUBLIC                    : cxx_std_11
[36m--[0m  GTSAM_COMPILE_OPTIONS_PUBLIC                     :
[36m--[0m  GTSAM_COMPILE_DEFINITIONS_PUBLIC                 :
[36m--[0m  GTSAM_COMPILE_OPTIONS_PUBLIC_DEBUG               :
[36m--[0m  GTSAM_COMPILE_DEFINITIONS_PUBLIC_DEBUG           :
[36m--[0m  GTSAM_COMPILE_OPTIONS_PUBLIC_RELEASE             :
[36m--[0m  GTSAM_COMPILE_DEFINITIONS_PUBLIC_RELEASE         :
[36m--[0m  GTSAM_COMPILE_OPTIONS_PUBLIC_TIMING              :
[36m--[0m  GTSAM_COMPILE_DEFINITIONS_PUBLIC_TIMING          :
[36m--[0m  GTSAM_COMPILE_OPTIONS_PUBLIC_PROFILING           :
[36m--[0m  GTSAM_COMPILE_DEFINITIONS_PUBLIC_PROFILING       :
[36m--[0m  GTSAM_COMPILE_OPTIONS_PUBLIC_RELWITHDEBINFO      :
[36m--[0m  GTSAM_COMPILE_DEFINITIONS_PUBLIC_RELWITHDEBINFO  :
[36m--[0m  GTSAM_COMPILE_OPTIONS_PUBLIC_MINSIZEREL          :
[36m--[0m  GTSAM_COMPILE_DEFINITIONS_PUBLIC_MINSIZEREL      :
[36m--[0m  Use System Eigen                                 : ON (Using version: 3.3.7)
[36m--[0m  Use System Metis                                 : OFF
[36m--[0m  Use Intel TBB                                    : Yes (Version: 2020.1)
[36m--[0m  Eigen will use MKL                               : MKL not found
[36m--[0m  Eigen will use MKL and OpenMP                    : OpenMP found but GTSAM_WITH_EIGEN_MKL is disabled
[36m--[0m  Default allocator                                : TBB
[36m--[0m  Cheirality exceptions enabled                    : YES
[36m--[0m  Build with ccache                                : No
[36m--[0m Packaging flags
[36m--[0m  CPack Source Generator                           : TGZ
[36m--[0m  CPack Generator                                  : TGZ
[36m--[0m GTSAM flags
[36m--[0m  Quaternions as default Rot3                      : Disabled
[36m--[0m  Runtime consistency checking                     : Disabled
[36m--[0m  Rot3 retract is full ExpMap                      : Enabled
[36m--[0m  Pose3 retract is full ExpMap                     : Enabled
[36m--[0m  Allow features deprecated in GTSAM 4.1           : Enabled
[36m--[0m  Metis-based Nested Dissection                    : Enabled
[36m--[0m  Use tangent-space preintegration                 : Disabled
[36m--[0m MATLAB toolbox flags
[36m--[0m  Install MATLAB toolbox                           : Disabled
[36m--[0m Python toolbox flags
[36m--[0m  Build Python module with pybind                  : Disabled
[36m--[0m ===============================================================
[36m--[0m Configuring done
[36m--[0m Generating done
[36m--[0m Build files have been written to: /home/catkin_ws/build/gtsam
