In file included from [01m[K/home/catkin_ws/src/Kimera-VIO/include/kimera-vio/common/VioNavState.h:27[m[K,
                 from [01m[K/home/catkin_ws/src/Kimera-VIO/include/kimera-vio/dataprovider/DataProviderInterface-definitions.h:25[m[K,
                 from [01m[K/home/catkin_ws/src/Kimera-VIO/src/dataprovider/DataProviderInterface-definitions.cpp:14[m[K:
[01m[K/home/catkin_ws/src/Kimera-VIO/include/kimera-vio/common/vio_types.h:70:13:[m[K [01;35m[Kwarning: [m[K‘[01m[Kvoid VIO::getValidKeypointsFromStatusKeypointsCV(const StatusKeypointsCV&, VIO::KeypointsCV*)[m[K’ defined but not used [[01;35m[K-Wunused-function[m[K]
   70 | static void [01;35m[KgetValidKeypointsFromStatusKeypointsCV[m[K(
      |             [01;35m[K^~~~~~~~~~~~~~~~~~~~~~~~~~~~~~~~~~~~~~[m[K
In file included from [01m[K/home/catkin_ws/src/Kimera-VIO/src/dataprovider/EurocDataProvider.cpp:17[m[K:
[01m[K/home/catkin_ws/src/Kimera-VIO/include/kimera-vio/dataprovider/EurocDataProvider.h:[m[K In constructor ‘[01m[KVIO::EurocDataProvider::EurocDataProvider(const string&, const int&, const int&, const VIO::VioParams&)[m[K’:
[01m[K/home/catkin_ws/src/Kimera-VIO/include/kimera-vio/dataprovider/EurocDataProvider.h:220:11:[m[K [01;35m[Kwarning: [m[K‘[01m[KVIO::EurocDataProvider::final_k_[m[K’ will be initialized after [[01;35m[K-Wreorder[m[K]
  220 |   FrameId [01;35m[Kfinal_k_[m[K;    // end frame
      |           [01;35m[K^~~~~~~~[m[K
[01m[K/home/catkin_ws/src/Kimera-VIO/include/kimera-vio/dataprovider/EurocDataProvider.h:205:13:[m[K [01;35m[Kwarning: [m[K  ‘[01m[KVIO::VioParams VIO::EurocDataProvider::vio_params_[m[K’ [[01;35m[K-Wreorder[m[K]
  205 |   VioParams [01;35m[Kvio_params_[m[K;
      |             [01;35m[K^~~~~~~~~~~[m[K
[01m[K/home/catkin_ws/src/Kimera-VIO/src/dataprovider/EurocDataProvider.cpp:57:1:[m[K [01;35m[Kwarning: [m[K  when initialized here [[01;35m[K-Wreorder[m[K]
   57 | [01;35m[KEurocDataProvider[m[K::EurocDataProvider(const std::string& dataset_path,
      | [01;35m[K^~~~~~~~~~~~~~~~~[m[K
[01m[K/home/catkin_ws/src/Kimera-VIO/src/dataprovider/EurocDataProvider.cpp:[m[K In member function ‘[01m[Kbool VIO::EurocDataProvider::parseImuData(const string&, const string&)[m[K’:
[01m[K/home/catkin_ws/src/Kimera-VIO/src/dataprovider/EurocDataProvider.cpp:250:27:[m[K [01;35m[Kwarning: [m[Kcomparison of integer expressions of different signedness: ‘[01m[Ksize_t[m[K’ {aka ‘[01m[Klong unsigned int[m[K’} and ‘[01m[KEigen::EigenBase<Eigen::Matrix<double, 6, 1> >::Index[m[K’ {aka ‘[01m[Klong int[m[K’} [[01;35m[K-Wsign-compare[m[K]
  250 |     for (size_t i = 0u; [01;35m[Ki < gyr_acc_data.size() + 1u[m[K; i++) {
      |                         [01;35m[K~~^~~~~~~~~~~~~~~~~~~~~~~~~~[m[K
[01m[K/home/catkin_ws/src/Kimera-VIO/src/dataprovider/EurocDataProvider.cpp:[m[K In member function ‘[01m[Kconst VIO::InitializationPerformance VIO::EurocDataProvider::getInitializationPerformance(const std::vector<long int>&, const std::vector<gtsam::Pose3>&, const VIO::VioNavState&, const Vector3&)[m[K’:
[01m[K/home/catkin_ws/src/Kimera-VIO/src/dataprovider/EurocDataProvider.cpp:632:21:[m[K [01;35m[Kwarning: [m[Kcomparison of integer expressions of different signedness: ‘[01m[Kint[m[K’ and ‘[01m[Kstd::vector<long int>::size_type[m[K’ {aka ‘[01m[Klong unsigned int[m[K’} [[01;35m[K-Wsign-compare[m[K]
  632 |   for (int i = 1; [01;35m[Ki < timestamps.size()[m[K; i++) {
      |                   [01;35m[K~~^~~~~~~~~~~~~~~~~~~[m[K
[01m[Kc++:[m[K [01;31m[Kfatal error: [m[KKilled signal terminated program cc1plus
compilation terminated.
make[2]: *** [CMakeFiles/kimera_vio.dir/build.make:115: CMakeFiles/kimera_vio.dir/src/dataprovider/RgbdDataProviderModule.cpp.o] Error 1
make[2]: *** Deleting file 'CMakeFiles/kimera_vio.dir/src/dataprovider/RgbdDataProviderModule.cpp.o'
make[2]: *** Waiting for unfinished jobs....
In file included from [01m[K/home/catkin_ws/src/Kimera-VIO/include/kimera-vio/utils/UtilsOpenCV.h:34[m[K,
                 from [01m[K/home/catkin_ws/src/Kimera-VIO/include/kimera-vio/frontend/CameraParams.h:27[m[K,
                 from [01m[K/home/catkin_ws/src/Kimera-VIO/include/kimera-vio/frontend/Camera.h:25[m[K,
                 from [01m[K/home/catkin_ws/src/Kimera-VIO/include/kimera-vio/dataprovider/DataProviderInterface.h:20[m[K,
                 from [01m[K/home/catkin_ws/src/Kimera-VIO/src/dataprovider/DataProviderInterface.cpp:15[m[K:
[01m[K/home/catkin_ws/src/Kimera-VIO/include/kimera-vio/common/vio_types.h:70:13:[m[K [01;35m[Kwarning: [m[K‘[01m[Kvoid VIO::getValidKeypointsFromStatusKeypointsCV(const StatusKeypointsCV&, VIO::KeypointsCV*)[m[K’ defined but not used [[01;35m[K-Wunused-function[m[K]
   70 | static void [01;35m[KgetValidKeypointsFromStatusKeypointsCV[m[K(
      |             [01;35m[K^~~~~~~~~~~~~~~~~~~~~~~~~~~~~~~~~~~~~~[m[K
In file included from [01m[K/home/catkin_ws/src/Kimera-VIO/include/kimera-vio/common/VioNavState.h:27[m[K,
                 from [01m[K/home/catkin_ws/src/Kimera-VIO/include/kimera-vio/backend/VioBackend-definitions.h:28[m[K,
                 from [01m[K/home/catkin_ws/src/Kimera-VIO/include/kimera-vio/frontend/FrontendInputPacketBase.h:17[m[K,
                 from [01m[K/home/catkin_ws/src/Kimera-VIO/include/kimera-vio/dataprovider/DataProviderModule.h:29[m[K,
                 from [01m[K/home/catkin_ws/src/Kimera-VIO/include/kimera-vio/dataprovider/MonoDataProviderModule.h:34[m[K,
                 from [01m[K/home/catkin_ws/src/Kimera-VIO/include/kimera-vio/dataprovider/StereoDataProviderModule.h:27[m[K,
                 from [01m[K/home/catkin_ws/src/Kimera-VIO/src/dataprovider/StereoDataProviderModule.cpp:16[m[K:
[01m[K/home/catkin_ws/src/Kimera-VIO/include/kimera-vio/common/vio_types.h:70:13:[m[K [01;35m[Kwarning: [m[K‘[01m[Kvoid VIO::getValidKeypointsFromStatusKeypointsCV(const StatusKeypointsCV&, VIO::KeypointsCV*)[m[K’ defined but not used [[01;35m[K-Wunused-function[m[K]
   70 | static void [01;35m[KgetValidKeypointsFromStatusKeypointsCV[m[K(
      |             [01;35m[K^~~~~~~~~~~~~~~~~~~~~~~~~~~~~~~~~~~~~~[m[K
In file included from [01m[K/home/catkin_ws/src/Kimera-VIO/include/kimera-vio/common/VioNavState.h:27[m[K,
                 from [01m[K/home/catkin_ws/src/Kimera-VIO/include/kimera-vio/backend/VioBackend-definitions.h:28[m[K,
                 from [01m[K/home/catkin_ws/src/Kimera-VIO/include/kimera-vio/frontend/FrontendInputPacketBase.h:17[m[K,
                 from [01m[K/home/catkin_ws/src/Kimera-VIO/include/kimera-vio/dataprovider/DataProviderModule.h:29[m[K,
                 from [01m[K/home/catkin_ws/src/Kimera-VIO/src/dataprovider/DataProviderModule.cpp:16[m[K:
[01m[K/home/catkin_ws/src/Kimera-VIO/include/kimera-vio/common/vio_types.h:70:13:[m[K [01;35m[Kwarning: [m[K‘[01m[Kvoid VIO::getValidKeypointsFromStatusKeypointsCV(const StatusKeypointsCV&, VIO::KeypointsCV*)[m[K’ defined but not used [[01;35m[K-Wunused-function[m[K]
   70 | static void [01;35m[KgetValidKeypointsFromStatusKeypointsCV[m[K(
      |             [01;35m[K^~~~~~~~~~~~~~~~~~~~~~~~~~~~~~~~~~~~~~[m[K
In file included from [01m[K/home/catkin_ws/src/Kimera-VIO/include/kimera-vio/common/VioNavState.h:27[m[K,
                 from [01m[K/home/catkin_ws/src/Kimera-VIO/include/kimera-vio/backend/VioBackend-definitions.h:28[m[K,
                 from [01m[K/home/catkin_ws/src/Kimera-VIO/include/kimera-vio/frontend/FrontendInputPacketBase.h:17[m[K,
                 from [01m[K/home/catkin_ws/src/Kimera-VIO/include/kimera-vio/dataprovider/DataProviderModule.h:29[m[K,
                 from [01m[K/home/catkin_ws/src/Kimera-VIO/include/kimera-vio/dataprovider/MonoDataProviderModule.h:34[m[K,
                 from [01m[K/home/catkin_ws/src/Kimera-VIO/src/dataprovider/MonoDataProviderModule.cpp:18[m[K:
[01m[K/home/catkin_ws/src/Kimera-VIO/include/kimera-vio/common/vio_types.h:70:13:[m[K [01;35m[Kwarning: [m[K‘[01m[Kvoid VIO::getValidKeypointsFromStatusKeypointsCV(const StatusKeypointsCV&, VIO::KeypointsCV*)[m[K’ defined but not used [[01;35m[K-Wunused-function[m[K]
   70 | static void [01;35m[KgetValidKeypointsFromStatusKeypointsCV[m[K(
      |             [01;35m[K^~~~~~~~~~~~~~~~~~~~~~~~~~~~~~~~~~~~~~[m[K
In file included from [01m[K/home/catkin_ws/src/Kimera-VIO/include/kimera-vio/common/VioNavState.h:27[m[K,
                 from [01m[K/home/catkin_ws/src/Kimera-VIO/include/kimera-vio/dataprovider/EurocDataProvider.h:30[m[K,
                 from [01m[K/home/catkin_ws/src/Kimera-VIO/src/dataprovider/EurocDataProvider.cpp:17[m[K:
[01m[K/home/catkin_ws/src/Kimera-VIO/include/kimera-vio/common/vio_types.h:[m[K At global scope:
[01m[K/home/catkin_ws/src/Kimera-VIO/include/kimera-vio/common/vio_types.h:70:13:[m[K [01;35m[Kwarning: [m[K‘[01m[Kvoid VIO::getValidKeypointsFromStatusKeypointsCV(const StatusKeypointsCV&, VIO::KeypointsCV*)[m[K’ defined but not used [[01;35m[K-Wunused-function[m[K]
   70 | static void [01;35m[KgetValidKeypointsFromStatusKeypointsCV[m[K(
      |             [01;35m[K^~~~~~~~~~~~~~~~~~~~~~~~~~~~~~~~~~~~~~[m[K
make[1]: *** [CMakeFiles/Makefile2:1495: CMakeFiles/kimera_vio.dir/all] Error 2
make: *** [Makefile:141: all] Error 2
