Performing C++ SOURCE FILE Test COMPILER_HAS_WMISSING_OVERRIDE failed with the following output:
Change Dir: /home/catkin_ws/build/gtsam/CMakeFiles/CMakeTmp

Run Build Command(s):/usr/bin/make cmTC_0d36e/fast && /usr/bin/make -f CMakeFiles/cmTC_0d36e.dir/build.make CMakeFiles/cmTC_0d36e.dir/build
make[1]: Entering directory '/home/catkin_ws/build/gtsam/CMakeFiles/CMakeTmp'
Building CXX object CMakeFiles/cmTC_0d36e.dir/src.cxx.o
/usr/bin/c++    -DCOMPILER_HAS_WMISSING_OVERRIDE   -Wmissing -o CMakeFiles/cmTC_0d36e.dir/src.cxx.o -c /home/catkin_ws/build/gtsam/CMakeFiles/CMakeTmp/src.cxx
c++: error: unrecognized command line option '-Wmissing'; did you mean '-Waliasing'?
make[1]: *** [CMakeFiles/cmTC_0d36e.dir/build.make:66: CMakeFiles/cmTC_0d36e.dir/src.cxx.o] Error 1
make[1]: Leaving directory '/home/catkin_ws/build/gtsam/CMakeFiles/CMakeTmp'
make: *** [Makefile:121: cmTC_0d36e/fast] Error 2


Source file was:
int main() { return 0; }
Performing C SOURCE FILE Test CMAKE_HAVE_LIBC_PTHREAD failed with the following output:
Change Dir: /home/catkin_ws/build/gtsam/CMakeFiles/CMakeTmp

Run Build Command(s):/usr/bin/make cmTC_f15ad/fast && /usr/bin/make -f CMakeFiles/cmTC_f15ad.dir/build.make CMakeFiles/cmTC_f15ad.dir/build
make[1]: Entering directory '/home/catkin_ws/build/gtsam/CMakeFiles/CMakeTmp'
Building C object CMakeFiles/cmTC_f15ad.dir/src.c.o
/usr/bin/cc   -DCMAKE_HAVE_LIBC_PTHREAD   -o CMakeFiles/cmTC_f15ad.dir/src.c.o   -c /home/catkin_ws/build/gtsam/CMakeFiles/CMakeTmp/src.c
Linking C executable cmTC_f15ad
/usr/bin/cmake -E cmake_link_script CMakeFiles/cmTC_f15ad.dir/link.txt --verbose=1
/usr/bin/cc  -DCMAKE_HAVE_LIBC_PTHREAD    -rdynamic CMakeFiles/cmTC_f15ad.dir/src.c.o  -o cmTC_f15ad 
/usr/bin/ld: CMakeFiles/cmTC_f15ad.dir/src.c.o: in function `main':
src.c:(.text+0x48): undefined reference to `pthread_create'
/usr/bin/ld: src.c:(.text+0x50): undefined reference to `pthread_detach'
/usr/bin/ld: src.c:(.text+0x5c): undefined reference to `pthread_join'
collect2: error: ld returned 1 exit status
make[1]: *** [CMakeFiles/cmTC_f15ad.dir/build.make:87: cmTC_f15ad] Error 1
make[1]: Leaving directory '/home/catkin_ws/build/gtsam/CMakeFiles/CMakeTmp'
make: *** [Makefile:121: cmTC_f15ad/fast] Error 2


Source file was:
#include <pthread.h>

void* test_func(void* data)
{
  return data;
}

int main(void)
{
  pthread_t thread;
  pthread_create(&thread, NULL, test_func, NULL);
  pthread_detach(thread);
  pthread_join(thread, NULL);
  pthread_atfork(NULL, NULL, NULL);
  pthread_exit(NULL);

  return 0;
}

Determining if the function pthread_create exists in the pthreads failed with the following output:
Change Dir: /home/catkin_ws/build/gtsam/CMakeFiles/CMakeTmp

Run Build Command(s):/usr/bin/make cmTC_5f41e/fast && /usr/bin/make -f CMakeFiles/cmTC_5f41e.dir/build.make CMakeFiles/cmTC_5f41e.dir/build
make[1]: Entering directory '/home/catkin_ws/build/gtsam/CMakeFiles/CMakeTmp'
Building C object CMakeFiles/cmTC_5f41e.dir/CheckFunctionExists.c.o
/usr/bin/cc   -DCHECK_FUNCTION_EXISTS=pthread_create   -o CMakeFiles/cmTC_5f41e.dir/CheckFunctionExists.c.o   -c /usr/share/cmake-3.16/Modules/CheckFunctionExists.c
Linking C executable cmTC_5f41e
/usr/bin/cmake -E cmake_link_script CMakeFiles/cmTC_5f41e.dir/link.txt --verbose=1
/usr/bin/cc  -DCHECK_FUNCTION_EXISTS=pthread_create    -rdynamic CMakeFiles/cmTC_5f41e.dir/CheckFunctionExists.c.o  -o cmTC_5f41e  -lpthreads 
/usr/bin/ld: cannot find -lpthreads
collect2: error: ld returned 1 exit status
make[1]: *** [CMakeFiles/cmTC_5f41e.dir/build.make:87: cmTC_5f41e] Error 1
make[1]: Leaving directory '/home/catkin_ws/build/gtsam/CMakeFiles/CMakeTmp'
make: *** [Makefile:121: cmTC_5f41e/fast] Error 2



