[35m[1mScanning dependencies of target opengv_src[0m
[ 12%] [34m[1mCreating directories for 'opengv_src'[0m
[ 25%] [34m[1mPerforming download step (git clone) for 'opengv_src'[0m
Cloning into 'opengv_src'...
Already on 'master'
Your branch is up to date with 'origin/master'.
Submodule 'python/pybind11' (https://github.com/pybind/pybind11.git) registered for path 'python/pybind11'
Cloning into '/home/catkin_ws/build/opengv_catkin/opengv_src-prefix/src/opengv_src/python/pybind11'...
Submodule path 'python/pybind11': checked out '9a19306fbf30642ca331d0ec88e7da54a96860f9'
Submodule 'tools/clang' (https://github.com/wjakob/clang-cindex-python3) registered for path 'python/pybind11/tools/clang'
Cloning into '/home/catkin_ws/build/opengv_catkin/opengv_src-prefix/src/opengv_src/python/pybind11/tools/clang'...
Submodule path 'python/pybind11/tools/clang': checked out '6a00cbc4a9b8e68b71caf7f774b3f9c753ae84d5'
[ 37%] [34m[1mNo update step for 'opengv_src'[0m
[ 50%] [34m[1mNo patch step for 'opengv_src'[0m
[ 62%] [34m[1mPerforming configure step for 'opengv_src'[0m
-- The CXX compiler identification is GNU 9.4.0
-- Check for working CXX compiler: /usr/bin/c++
-- Check for working CXX compiler: /usr/bin/c++ -- works
-- Detecting CXX compiler ABI info
-- Detecting CXX compiler ABI info - done
-- Detecting CXX compile features
-- Detecting CXX compile features - done
-- Found Eigen: /usr/include/eigen3 (Required is at least version "2.91.0") 
-- Configuring done
-- Generating done
-- Build files have been written to: /home/catkin_ws/build/opengv_catkin/opengv_src-prefix/src/opengv_src
[ 75%] [34m[1mPerforming build step for 'opengv_src'[0m
make[3]: warning: -j8 forced in submake: resetting jobserver mode.
[35m[1mScanning dependencies of target opengv[0m
[  0%] [32mBuilding CXX object CMakeFiles/opengv.dir/src/absolute_pose/modules/main.cpp.o[0m
[  1%] [32mBuilding CXX object CMakeFiles/opengv.dir/src/absolute_pose/modules/gp3p/reductors.cpp.o[0m
[  3%] [32mBuilding CXX object CMakeFiles/opengv.dir/src/absolute_pose/modules/gp3p/code.cpp.o[0m
[  3%] [32mBuilding CXX object CMakeFiles/opengv.dir/src/absolute_pose/modules/gp3p/init.cpp.o[0m
[  4%] [32mBuilding CXX object CMakeFiles/opengv.dir/src/absolute_pose/modules/gp3p/spolynomials.cpp.o[0m
[  5%] [32mBuilding CXX object CMakeFiles/opengv.dir/src/absolute_pose/modules/gpnp1/init.cpp.o[0m
[  6%] [32mBuilding CXX object CMakeFiles/opengv.dir/src/absolute_pose/modules/Epnp.cpp.o[0m
[  7%] [32mBuilding CXX object CMakeFiles/opengv.dir/src/absolute_pose/modules/gpnp1/code.cpp.o[0m
[  7%] [32mBuilding CXX object CMakeFiles/opengv.dir/src/absolute_pose/modules/gpnp1/reductors.cpp.o[0m
[  8%] [32mBuilding CXX object CMakeFiles/opengv.dir/src/absolute_pose/modules/gpnp1/spolynomials.cpp.o[0m
[  9%] [32mBuilding CXX object CMakeFiles/opengv.dir/src/absolute_pose/modules/gpnp2/code.cpp.o[0m
[ 10%] [32mBuilding CXX object CMakeFiles/opengv.dir/src/absolute_pose/modules/gpnp2/init.cpp.o[0m
[ 11%] [32mBuilding CXX object CMakeFiles/opengv.dir/src/absolute_pose/modules/gpnp2/reductors.cpp.o[0m
[ 12%] [32mBuilding CXX object CMakeFiles/opengv.dir/src/absolute_pose/modules/gpnp2/spolynomials.cpp.o[0m
[ 13%] [32mBuilding CXX object CMakeFiles/opengv.dir/src/absolute_pose/modules/gpnp3/code.cpp.o[0m
[ 14%] [32mBuilding CXX object CMakeFiles/opengv.dir/src/absolute_pose/modules/gpnp3/init.cpp.o[0m
[ 14%] [32mBuilding CXX object CMakeFiles/opengv.dir/src/absolute_pose/modules/gpnp3/reductors.cpp.o[0m
[ 15%] [32mBuilding CXX object CMakeFiles/opengv.dir/src/absolute_pose/modules/gpnp3/spolynomials.cpp.o[0m
[ 16%] [32mBuilding CXX object CMakeFiles/opengv.dir/src/absolute_pose/modules/gpnp4/code.cpp.o[0m
[ 17%] [32mBuilding CXX object CMakeFiles/opengv.dir/src/absolute_pose/modules/gpnp4/init.cpp.o[0m
[ 18%] [32mBuilding CXX object CMakeFiles/opengv.dir/src/absolute_pose/modules/gpnp4/reductors.cpp.o[0m
[ 19%] [32mBuilding CXX object CMakeFiles/opengv.dir/src/absolute_pose/modules/gpnp4/spolynomials.cpp.o[0m
[ 20%] [32mBuilding CXX object CMakeFiles/opengv.dir/src/absolute_pose/modules/gpnp5/code.cpp.o[0m
[ 21%] [32mBuilding CXX object CMakeFiles/opengv.dir/src/absolute_pose/modules/gpnp5/init.cpp.o[0m
[ 21%] [32mBuilding CXX object CMakeFiles/opengv.dir/src/absolute_pose/modules/gpnp5/reductors.cpp.o[0m
[ 22%] [32mBuilding CXX object CMakeFiles/opengv.dir/src/absolute_pose/modules/gpnp5/spolynomials.cpp.o[0m
[ 23%] [32mBuilding CXX object CMakeFiles/opengv.dir/src/absolute_pose/modules/upnp2.cpp.o[0m
[ 24%] [32mBuilding CXX object CMakeFiles/opengv.dir/src/absolute_pose/modules/upnp4.cpp.o[0m
[ 25%] [32mBuilding CXX object CMakeFiles/opengv.dir/src/relative_pose/modules/main.cpp.o[0m
[ 26%] [32mBuilding CXX object CMakeFiles/opengv.dir/src/relative_pose/modules/fivept_nister/modules.cpp.o[0m
[ 27%] [32mBuilding CXX object CMakeFiles/opengv.dir/src/relative_pose/modules/fivept_stewenius/modules.cpp.o[0m
[ 28%] [32mBuilding CXX object CMakeFiles/opengv.dir/src/relative_pose/modules/fivept_kneip/code.cpp.o[0m
[ 28%] [32mBuilding CXX object CMakeFiles/opengv.dir/src/relative_pose/modules/fivept_kneip/init.cpp.o[0m
[ 29%] [32mBuilding CXX object CMakeFiles/opengv.dir/src/relative_pose/modules/fivept_kneip/reductors.cpp.o[0m
[ 30%] [32mBuilding CXX object CMakeFiles/opengv.dir/src/relative_pose/modules/fivept_kneip/spolynomials.cpp.o[0m
[ 31%] [32mBuilding CXX object CMakeFiles/opengv.dir/src/relative_pose/modules/sixpt/modules2.cpp.o[0m
[ 32%] [32mBuilding CXX object CMakeFiles/opengv.dir/src/relative_pose/modules/eigensolver/modules.cpp.o[0m
[ 33%] [32mBuilding CXX object CMakeFiles/opengv.dir/src/relative_pose/modules/ge/modules.cpp.o[0m
[ 34%] [32mBuilding CXX object CMakeFiles/opengv.dir/src/math/cayley.cpp.o[0m
[ 35%] [32mBuilding CXX object CMakeFiles/opengv.dir/src/math/quaternion.cpp.o[0m
[ 35%] [32mBuilding CXX object CMakeFiles/opengv.dir/src/math/arun.cpp.o[0m
[ 36%] [32mBuilding CXX object CMakeFiles/opengv.dir/src/math/Sturm.cpp.o[0m
[ 37%] [32mBuilding CXX object CMakeFiles/opengv.dir/src/math/roots.cpp.o[0m
[ 38%] [32mBuilding CXX object CMakeFiles/opengv.dir/src/math/gauss_jordan.cpp.o[0m
[ 39%] [32mBuilding CXX object CMakeFiles/opengv.dir/src/absolute_pose/methods.cpp.o[0m
[ 40%] [32mBuilding CXX object CMakeFiles/opengv.dir/src/absolute_pose/CentralAbsoluteAdapter.cpp.o[0m
[ 41%] [32mBuilding CXX object CMakeFiles/opengv.dir/src/absolute_pose/NoncentralAbsoluteAdapter.cpp.o[0m
[ 42%] [32mBuilding CXX object CMakeFiles/opengv.dir/src/absolute_pose/NoncentralAbsoluteMultiAdapter.cpp.o[0m
[01m[Kc++:[m[K [01;31m[Kfatal error: [m[KKilled signal terminated program cc1plus
compilation terminated.
make[5]: *** [CMakeFiles/opengv.dir/build.make:63: CMakeFiles/opengv.dir/src/absolute_pose/modules/main.cpp.o] Error 1
make[5]: *** Waiting for unfinished jobs....
[01m[Kc++:[m[K [01;31m[Kfatal error: [m[KKilled signal terminated program cc1plus
compilation terminated.
make[5]: *** [CMakeFiles/opengv.dir/build.make:427: CMakeFiles/opengv.dir/src/relative_pose/modules/main.cpp.o] Error 1
make[4]: *** [CMakeFiles/Makefile2:589: CMakeFiles/opengv.dir/all] Error 2
make[3]: *** [Makefile:141: all] Error 2
make[2]: *** [CMakeFiles/opengv_src.dir/build.make:113: opengv_src-prefix/src/opengv_src-stamp/opengv_src-build] Error 2
make[1]: *** [CMakeFiles/Makefile2:304: CMakeFiles/opengv_src.dir/all] Error 2
make: *** [Makefile:141: all] Error 2
